\BOOKMARK [1][-]{section.1}{\376\377\000I\000n\000t\000r\000o\000d\000u\000c\000t\000i\000o\000n}{}% 1
\BOOKMARK [2][-]{subsection.1.1}{\376\377\000M\000o\000t\000i\000v\000a\000t\000i\000o\000n}{section.1}% 2
\BOOKMARK [2][-]{subsection.1.2}{\376\377\000P\000r\000o\000j\000e\000c\000t\000\040\000S\000c\000o\000p\000e}{section.1}% 3
\BOOKMARK [2][-]{subsection.1.3}{\376\377\000P\000r\000o\000j\000e\000c\000t\000\040\000O\000b\000j\000e\000c\000t\000i\000v\000e\000s}{section.1}% 4
\BOOKMARK [1][-]{section.2}{\376\377\000B\000a\000c\000k\000g\000r\000o\000u\000n\000d\000\040\000R\000e\000s\000e\000a\000r\000c\000h\000\040\000a\000n\000d\000\040\000K\000n\000o\000w\000l\000e\000d\000g\000e}{}% 5
\BOOKMARK [2][-]{subsection.2.1}{\376\377\000R\000I\000S\000C\000-\000V}{section.2}% 6
\BOOKMARK [2][-]{subsection.2.2}{\376\377\000A\000r\000c\000h\000i\000t\000e\000c\000t\000u\000r\000e}{section.2}% 7
\BOOKMARK [3][-]{subsubsection.2.2.1}{\376\377\000U\000n\000p\000i\000p\000e\000l\000i\000n\000e}{subsection.2.2}% 8
\BOOKMARK [3][-]{subsubsection.2.2.2}{\376\377\000P\000i\000p\000e\000l\000i\000n\000e}{subsection.2.2}% 9
\BOOKMARK [2][-]{subsection.2.3}{\376\377\000V\000e\000r\000i\000l\000o\000g}{section.2}% 10
\BOOKMARK [2][-]{subsection.2.4}{\376\377\000S\000i\000m\000u\000l\000a\000t\000i\000o\000n\000\040\000T\000o\000o\000l\000s}{section.2}% 11
\BOOKMARK [2][-]{subsection.2.5}{\376\377\000R\000I\000S\000C\000-\000V\000\040\000T\000o\000o\000l\000c\000h\000a\000i\000n}{section.2}% 12
\BOOKMARK [3][-]{subsubsection.2.5.1}{\376\377\000D\000e\000v\000e\000l\000o\000p\000p\000i\000n\000g\000\040\000u\000s\000i\000n\000g\000\040\000A\000s\000s\000e\000m\000b\000l\000y\000\040\000C\000o\000d\000e}{subsection.2.5}% 13
\BOOKMARK [3][-]{subsubsection.2.5.2}{\376\377\000R\000I\000S\000C\000-\000V\000\040\000G\000N\000U\000\040\000C\000o\000m\000p\000i\000l\000e\000r\000\040\000T\000o\000o\000l\000c\000h\000a\000i\000n}{subsection.2.5}% 14
\BOOKMARK [1][-]{section.3}{\376\377\000D\000e\000s\000i\000g\000n}{}% 15
\BOOKMARK [2][-]{subsection.3.1}{\376\377\000P\000a\000r\000a\000m\000e\000t\000e\000r\000s}{section.3}% 16
\BOOKMARK [2][-]{subsection.3.2}{\376\377\000U\000n\000p\000i\000p\000e\000l\000i\000n\000e\000d\000\040\000D\000e\000s\000i\000g\000n}{section.3}% 17
\BOOKMARK [2][-]{subsection.3.3}{\376\377\000P\000i\000p\000e\000l\000i\000n\000e\000d\000\040\000D\000e\000s\000i\000g\000n}{section.3}% 18
\BOOKMARK [3][-]{subsubsection.3.3.1}{\376\377\000I\000F\000\040\000S\000t\000a\000g\000e}{subsection.3.3}% 19
\BOOKMARK [4][-]{paragraph.3.3.1.1}{\376\377\000P\000C}{subsubsection.3.3.1}% 20
\BOOKMARK [4][-]{paragraph.3.3.1.2}{\376\377\000B\000r\000a\000n\000c\000h\000\040\000P\000r\000e\000d\000i\000c\000t\000o\000r}{subsubsection.3.3.1}% 21
\BOOKMARK [3][-]{subsubsection.3.3.2}{\376\377\000I\000D\000\040\000S\000t\000a\000g\000e}{subsection.3.3}% 22
\BOOKMARK [4][-]{paragraph.3.3.2.1}{\376\377\000C\000o\000n\000t\000r\000o\000l\000l\000e\000r}{subsubsection.3.3.2}% 23
\BOOKMARK [4][-]{paragraph.3.3.2.2}{\376\377\000F\000o\000r\000w\000a\000r\000d\000\040\000C\000o\000n\000t\000r\000o\000l\000l\000e\000r}{subsubsection.3.3.2}% 24
\BOOKMARK [4][-]{paragraph.3.3.2.3}{\376\377\000S\000t\000a\000l\000l\000\040\000U\000n\000i\000t}{subsubsection.3.3.2}% 25
\BOOKMARK [4][-]{paragraph.3.3.2.4}{\376\377\0002\000\040\000E\000n\000t\000r\000i\000e\000s\000\040\000M\000u\000x\000e\000s}{subsubsection.3.3.2}% 26
\BOOKMARK [3][-]{subsubsection.3.3.3}{\376\377\000E\000X\000\040\000S\000t\000a\000g\000e}{subsection.3.3}% 27
\BOOKMARK [4][-]{paragraph.3.3.3.1}{\376\377\000A\000r\000i\000t\000h\000m\000e\000t\000i\000c\000\040\000L\000o\000g\000i\000c\000\040\000U\000n\000i\000t}{subsubsection.3.3.3}% 28
\BOOKMARK [4][-]{paragraph.3.3.3.2}{\376\377\000B\000r\000a\000n\000c\000h\000\040\000U\000n\000i\000t}{subsubsection.3.3.3}% 29
\BOOKMARK [3][-]{subsubsection.3.3.4}{\376\377\000M\000E\000M\000\040\000S\000t\000a\000g\000e}{subsection.3.3}% 30
\BOOKMARK [4][-]{paragraph.3.3.4.1}{\376\377\000L\000o\000a\000d\000\040\000S\000t\000o\000r\000e\000\040\000U\000n\000i\000t}{subsubsection.3.3.4}% 31
\BOOKMARK [3][-]{subsubsection.3.3.5}{\376\377\000W\000B\000\040\000S\000t\000a\000g\000e}{subsection.3.3}% 32
\BOOKMARK [4][-]{paragraph.3.3.5.1}{\376\377\0003\000\040\000E\000n\000t\000r\000i\000e\000s\000\040\000M\000u\000x}{subsubsection.3.3.5}% 33
\BOOKMARK [3][-]{subsubsection.3.3.6}{\376\377\000P\000i\000p\000e\000l\000i\000n\000e\000\040\000R\000e\000g\000i\000s\000t\000e\000r\000s}{subsection.3.3}% 34
\BOOKMARK [3][-]{subsubsection.3.3.7}{\376\377\000R\000O\000M\000,\000\040\000R\000A\000M\000\040\000a\000n\000d\000\040\000R\000e\000g\000i\000s\000t\000e\000r\000\040\000F\000i\000l\000e}{subsection.3.3}% 35
\BOOKMARK [4][-]{paragraph.3.3.7.1}{\376\377\000R\000O\000M}{subsubsection.3.3.7}% 36
\BOOKMARK [4][-]{paragraph.3.3.7.2}{\376\377\000R\000A\000M}{subsubsection.3.3.7}% 37
\BOOKMARK [4][-]{paragraph.3.3.7.3}{\376\377\000R\000e\000g\000i\000s\000t\000e\000r\000\040\000F\000i\000l\000e}{subsubsection.3.3.7}% 38
\BOOKMARK [1][-]{section.4}{\376\377\000T\000e\000s\000t\000i\000n\000g}{}% 39
\BOOKMARK [2][-]{subsection.4.1}{\376\377\000T\000e\000s\000t\000b\000e\000n\000c\000h\000e\000s}{section.4}% 40
\BOOKMARK [2][-]{subsection.4.2}{\376\377\000C\000o\000n\000t\000i\000n\000u\000o\000u\000s\000\040\000I\000n\000t\000e\000g\000r\000a\000t\000i\000o\000n}{section.4}% 41
\BOOKMARK [1][-]{section.5}{\376\377\000D\000e\000v\000e\000l\000o\000p\000i\000n\000g\000\040\000p\000r\000o\000g\000r\000a\000m\000s\000\040\000f\000o\000r\000\040\000t\000h\000e\000\040\000C\000P\000U}{}% 42
\BOOKMARK [1][-]{section.6}{\376\377\000C\000o\000n\000c\000l\000u\000s\000i\000o\000n}{}% 43
\BOOKMARK [1][-]{section*.2}{\376\377\000R\000e\000f\000e\000r\000e\000n\000c\000e\000s}{}% 44
\BOOKMARK [1][-]{appendix.A}{\376\377\000D\000e\000t\000a\000i\000l\000e\000d\000\040\000P\000i\000p\000e\000l\000i\000n\000e\000d\000\040\000C\000P\000U\000\040\000D\000e\000s\000i\000g\000n}{}% 45
