\BOOKMARK [1][-]{section.1}{\376\377\000I\000n\000t\000r\000o\000d\000u\000c\000t\000i\000o\000n}{}% 1
\BOOKMARK [1][-]{section.2}{\376\377\000P\000a\000r\000a\000m\000e\000t\000e\000r\000s}{}% 2
\BOOKMARK [1][-]{section.3}{\376\377\000F\000e\000t\000c\000h}{}% 3
\BOOKMARK [2][-]{subsection.3.1}{\376\377\000I\000F\000\040\000S\000t\000a\000g\000e}{section.3}% 4
\BOOKMARK [2][-]{subsection.3.2}{\376\377\000B\000r\000a\000n\000c\000h\000\040\000P\000r\000e\000d\000i\000c\000t\000o\000r}{section.3}% 5
\BOOKMARK [2][-]{subsection.3.3}{\376\377\000P\000C}{section.3}% 6
\BOOKMARK [1][-]{section.4}{\376\377\000D\000e\000c\000o\000d\000e}{}% 7
\BOOKMARK [2][-]{subsection.4.1}{\376\377\000I\000D\000\040\000S\000t\000a\000g\000e}{section.4}% 8
\BOOKMARK [2][-]{subsection.4.2}{\376\377\000C\000o\000n\000t\000r\000o\000l\000l\000e\000r}{section.4}% 9
\BOOKMARK [2][-]{subsection.4.3}{\376\377\000S\000t\000a\000l\000l\000\040\000U\000n\000i\000t}{section.4}% 10
\BOOKMARK [2][-]{subsection.4.4}{\376\377\000F\000o\000r\000w\000a\000r\000d\000\040\000C\000o\000n\000t\000r\000o\000l\000l\000e\000r}{section.4}% 11
\BOOKMARK [2][-]{subsection.4.5}{\376\377\000M\000u\000x}{section.4}% 12
\BOOKMARK [1][-]{section.5}{\376\377\000E\000x\000e\000c\000u\000t\000e}{}% 13
\BOOKMARK [2][-]{subsection.5.1}{\376\377\000E\000X\000\040\000S\000t\000a\000g\000e}{section.5}% 14
\BOOKMARK [2][-]{subsection.5.2}{\376\377\000A\000r\000i\000t\000h\000m\000e\000t\000i\000c\000\040\000L\000o\000g\000i\000c\000\040\000U\000n\000i\000t}{section.5}% 15
\BOOKMARK [2][-]{subsection.5.3}{\376\377\000B\000r\000a\000n\000c\000h\000\040\000U\000n\000i\000t}{section.5}% 16
\BOOKMARK [1][-]{section.6}{\376\377\000M\000e\000m\000o\000r\000y}{}% 17
\BOOKMARK [2][-]{subsection.6.1}{\376\377\000M\000e\000m\000o\000r\000y\000\040\000S\000t\000a\000g\000e}{section.6}% 18
\BOOKMARK [2][-]{subsection.6.2}{\376\377\000L\000o\000a\000d\000\040\000S\000t\000o\000r\000e\000\040\000U\000n\000i\000t}{section.6}% 19
\BOOKMARK [1][-]{section.7}{\376\377\000W\000r\000i\000t\000e\000\040\000B\000a\000c\000k}{}% 20
\BOOKMARK [2][-]{subsection.7.1}{\376\377\000W\000r\000i\000t\000e\000\040\000B\000a\000c\000k\000\040\000S\000t\000a\000g\000e}{section.7}% 21
\BOOKMARK [2][-]{subsection.7.2}{\376\377\000M\000u\000x}{section.7}% 22
\BOOKMARK [1][-]{section.8}{\376\377\000P\000i\000p\000e\000l\000i\000n\000e\000\040\000R\000e\000g\000i\000s\000t\000e\000r\000s}{}% 23
\BOOKMARK [1][-]{section.9}{\376\377\000R\000O\000M\000,\000\040\000R\000A\000M\000\040\000a\000n\000d\000\040\000R\000e\000g\000i\000s\000t\000e\000r\000\040\000F\000i\000l\000e}{}% 24
\BOOKMARK [2][-]{subsection.9.1}{\376\377\000R\000O\000M}{section.9}% 25
\BOOKMARK [2][-]{subsection.9.2}{\376\377\000R\000A\000M}{section.9}% 26
\BOOKMARK [2][-]{subsection.9.3}{\376\377\000R\000e\000g\000i\000s\000t\000e\000r\000\040\000F\000i\000l\000e}{section.9}% 27
\BOOKMARK [1][-]{section.10}{\376\377\000T\000o\000o\000l\000c\000h\000a\000i\000n}{}% 28
\BOOKMARK [1][-]{section.11}{\376\377\000R\000u\000n\000n\000i\000n\000g\000\040\000T\000e\000s\000t\000s}{}% 29
\BOOKMARK [1][-]{section*.2}{\376\377\000R\000e\000f\000e\000r\000e\000n\000c\000e\000s}{}% 30
